<?xml version="1.0" encoding="UTF-8"?>
<!-- Generated by org.testng.reporters.JUnitReportReporter -->
<testsuite skipped="0" hostname="EPBYMINW2444" name="by.epam.atmentoring.design_patterns.page_factory.PageFactoryGmailTest" tests="3" failures="0" timestamp="25 Jun 2017 20:23:57 GMT" time="53.366" errors="0">
  <testcase name="Scenario2" time="17.797" classname="by.epam.atmentoring.design_patterns.page_factory.PageFactoryGmailTest"/>
  <testcase name="Scenario1" time="18.686" classname="by.epam.atmentoring.design_patterns.page_factory.PageFactoryGmailTest"/>
  <testcase name="Scenario3" time="16.883" classname="by.epam.atmentoring.design_patterns.page_factory.PageFactoryGmailTest"/>
</testsuite> <!-- by.epam.atmentoring.design_patterns.page_factory.PageFactoryGmailTest -->
