<?xml version="1.0" encoding="UTF-8"?>
<!-- Generated by org.testng.reporters.JUnitReportReporter -->
<testsuite skipped="0" hostname="EPBYMINW2444" name="by.epam.atmentoring.design_patterns.page_object.PageObjectGmailTest" tests="3" failures="0" timestamp="25 Jun 2017 19:31:27 GMT" time="53.661" errors="0">
  <testcase name="Scenario1" time="21.278" classname="by.epam.atmentoring.design_patterns.page_object.PageObjectGmailTest"/>
  <testcase name="Scenario3" time="18.374" classname="by.epam.atmentoring.design_patterns.page_object.PageObjectGmailTest"/>
  <testcase name="Scenario2" time="14.009" classname="by.epam.atmentoring.design_patterns.page_object.PageObjectGmailTest"/>
</testsuite> <!-- by.epam.atmentoring.design_patterns.page_object.PageObjectGmailTest -->
